<?xml version="1.0" encoding="UTF-8"?>
<!-- Generated by org.testng.reporters.JUnitXMLReporter -->
<testsuite hostname="springdevelopmentvm01" name="Default test" tests="9" failures="0" timestamp="21 Jul 2012 15:46:42 GMT" time="0.079" errors="0">
  <testcase name="testAllValidValues" time="0.013" classname="eu.jpereira.jsimplecalendar.datetime.MonthInYearTest"/>
  <testcase name="testEqualsDifferentType" time="0.007" classname="eu.jpereira.jsimplecalendar.datetime.MonthInYearTest"/>
  <testcase name="testEqualsDifferentValue" time="0.007" classname="eu.jpereira.jsimplecalendar.datetime.MonthInYearTest"/>
  <testcase name="testEqualsNull" time="0.001" classname="eu.jpereira.jsimplecalendar.datetime.MonthInYearTest"/>
  <testcase name="testEqualsReflexive" time="0.001" classname="eu.jpereira.jsimplecalendar.datetime.MonthInYearTest"/>
  <testcase name="testEqualsSymetric" time="0.0" classname="eu.jpereira.jsimplecalendar.datetime.MonthInYearTest"/>
  <testcase name="testEqualsTransitive" time="0.0" classname="eu.jpereira.jsimplecalendar.datetime.MonthInYearTest"/>
  <testcase name="testHashCode" time="0.0" classname="eu.jpereira.jsimplecalendar.datetime.MonthInYearTest"/>
  <testcase name="testInvaldiValues" time="0.003" classname="eu.jpereira.jsimplecalendar.datetime.MonthInYearTest"/>
</testsuite> <!-- Default test -->
