<?xml version="1.0" encoding="UTF-8"?>
<testng-results skipped="0" failed="0" total="9" passed="9">
  <reporter-output>
  </reporter-output>
  <suite name="Default suite" duration-ms="79" started-at="2012-07-21T15:46:42Z" finished-at="2012-07-21T15:46:42Z">
    <groups>
    </groups>
    <test name="Default test" duration-ms="79" started-at="2012-07-21T15:46:42Z" finished-at="2012-07-21T15:46:42Z">
      <class name="eu.jpereira.jsimplecalendar.datetime.MonthInYearTest">
        <test-method status="PASS" signature="testAllValidValues()[pri:0, instance:eu.jpereira.jsimplecalendar.datetime.MonthInYearTest@7ebd7d]" name="testAllValidValues" duration-ms="13" started-at="2012-07-21T16:46:42Z" finished-at="2012-07-21T16:46:42Z">
          <reporter-output>
          </reporter-output>
        </test-method> <!-- testAllValidValues -->
        <test-method status="PASS" signature="testEqualsDifferentType()[pri:0, instance:eu.jpereira.jsimplecalendar.datetime.MonthInYearTest@7ebd7d]" name="testEqualsDifferentType" duration-ms="7" started-at="2012-07-21T16:46:42Z" finished-at="2012-07-21T16:46:42Z">
          <reporter-output>
          </reporter-output>
        </test-method> <!-- testEqualsDifferentType -->
        <test-method status="PASS" signature="testEqualsDifferentValue()[pri:0, instance:eu.jpereira.jsimplecalendar.datetime.MonthInYearTest@7ebd7d]" name="testEqualsDifferentValue" duration-ms="7" started-at="2012-07-21T16:46:42Z" finished-at="2012-07-21T16:46:42Z">
          <reporter-output>
          </reporter-output>
        </test-method> <!-- testEqualsDifferentValue -->
        <test-method status="PASS" signature="testEqualsNull()[pri:0, instance:eu.jpereira.jsimplecalendar.datetime.MonthInYearTest@7ebd7d]" name="testEqualsNull" duration-ms="1" started-at="2012-07-21T16:46:42Z" finished-at="2012-07-21T16:46:42Z">
          <reporter-output>
          </reporter-output>
        </test-method> <!-- testEqualsNull -->
        <test-method status="PASS" signature="testEqualsReflexive()[pri:0, instance:eu.jpereira.jsimplecalendar.datetime.MonthInYearTest@7ebd7d]" name="testEqualsReflexive" duration-ms="1" started-at="2012-07-21T16:46:42Z" finished-at="2012-07-21T16:46:42Z">
          <reporter-output>
          </reporter-output>
        </test-method> <!-- testEqualsReflexive -->
        <test-method status="PASS" signature="testEqualsSymetric()[pri:0, instance:eu.jpereira.jsimplecalendar.datetime.MonthInYearTest@7ebd7d]" name="testEqualsSymetric" duration-ms="0" started-at="2012-07-21T16:46:42Z" finished-at="2012-07-21T16:46:42Z">
          <reporter-output>
          </reporter-output>
        </test-method> <!-- testEqualsSymetric -->
        <test-method status="PASS" signature="testEqualsTransitive()[pri:0, instance:eu.jpereira.jsimplecalendar.datetime.MonthInYearTest@7ebd7d]" name="testEqualsTransitive" duration-ms="0" started-at="2012-07-21T16:46:42Z" finished-at="2012-07-21T16:46:42Z">
          <reporter-output>
          </reporter-output>
        </test-method> <!-- testEqualsTransitive -->
        <test-method status="PASS" signature="testHashCode()[pri:0, instance:eu.jpereira.jsimplecalendar.datetime.MonthInYearTest@7ebd7d]" name="testHashCode" duration-ms="0" started-at="2012-07-21T16:46:42Z" finished-at="2012-07-21T16:46:42Z">
          <reporter-output>
          </reporter-output>
        </test-method> <!-- testHashCode -->
        <test-method status="PASS" signature="testInvaldiValues()[pri:0, instance:eu.jpereira.jsimplecalendar.datetime.MonthInYearTest@7ebd7d]" name="testInvaldiValues" duration-ms="3" started-at="2012-07-21T16:46:42Z" finished-at="2012-07-21T16:46:42Z">
          <exception class="eu.jpereira.jsimplecalendar.datetime.exceptions.IllegalDateTimeComponentValueException">
            <message>
              <![CDATA[Ivalid value for representing a month!]]>
            </message>
            <full-stacktrace>
              <![CDATA[eu.jpereira.jsimplecalendar.datetime.exceptions.IllegalDateTimeComponentValueException: Ivalid value for representing a month!
	at eu.jpereira.jsimplecalendar.datetime.MonthInYear.valueOf(MonthInYear.java:22)
	at eu.jpereira.jsimplecalendar.datetime.MonthInYearTest.testInvaldiValues(MonthInYearTest.java:24)
	at sun.reflect.NativeMethodAccessorImpl.invoke0(Native Method)
	at sun.reflect.NativeMethodAccessorImpl.invoke(NativeMethodAccessorImpl.java:57)
	at sun.reflect.DelegatingMethodAccessorImpl.invoke(DelegatingMethodAccessorImpl.java:43)
	at java.lang.reflect.Method.invoke(Method.java:601)
	at org.testng.internal.MethodInvocationHelper.invokeMethod(MethodInvocationHelper.java:80)
	at org.testng.internal.Invoker.invokeMethod(Invoker.java:715)
	at org.testng.internal.Invoker.invokeTestMethod(Invoker.java:907)
	at org.testng.internal.Invoker.invokeTestMethods(Invoker.java:1237)
	at org.testng.internal.TestMethodWorker.invokeTestMethods(TestMethodWorker.java:127)
	at org.testng.internal.TestMethodWorker.run(TestMethodWorker.java:111)
	at org.testng.TestRunner.privateRun(TestRunner.java:767)
	at org.testng.TestRunner.run(TestRunner.java:617)
	at org.testng.SuiteRunner.runTest(SuiteRunner.java:334)
	at org.testng.SuiteRunner.runSequentially(SuiteRunner.java:329)
	at org.testng.SuiteRunner.privateRun(SuiteRunner.java:291)
	at org.testng.SuiteRunner.run(SuiteRunner.java:240)
	at org.testng.SuiteRunnerWorker.runSuite(SuiteRunnerWorker.java:51)
	at org.testng.SuiteRunnerWorker.run(SuiteRunnerWorker.java:85)
	at org.testng.TestNG.runSuitesSequentially(TestNG.java:1197)
	at org.testng.TestNG.runSuitesLocally(TestNG.java:1122)
	at org.testng.TestNG.run(TestNG.java:1030)
	at org.testng.remote.RemoteTestNG.run(RemoteTestNG.java:111)
	at org.testng.remote.RemoteTestNG.initAndRun(RemoteTestNG.java:204)
	at org.testng.remote.RemoteTestNG.main(RemoteTestNG.java:175)
Caused by: java.lang.IllegalArgumentException: No enum constant eu.jpereira.jsimplecalendar.datetime.MonthEnum.invalid
	at java.lang.Enum.valueOf(Enum.java:236)
	at eu.jpereira.jsimplecalendar.datetime.MonthEnum.valueOf(MonthEnum.java:1)
	at eu.jpereira.jsimplecalendar.datetime.MonthInYear.valueOf(MonthInYear.java:17)
	... 25 more
]]>
            </full-stacktrace>
          </exception> <!-- eu.jpereira.jsimplecalendar.datetime.exceptions.IllegalDateTimeComponentValueException -->
          <reporter-output>
          </reporter-output>
        </test-method> <!-- testInvaldiValues -->
      </class> <!-- eu.jpereira.jsimplecalendar.datetime.MonthInYearTest -->
    </test> <!-- Default test -->
  </suite> <!-- Default suite -->
</testng-results>
